-------------------------------------------------------------------------------
Test set: org.example.runner.Runner
-------------------------------------------------------------------------------
Tests run: 13, Failures: 1, Errors: 0, Skipped: 0, Time elapsed: 112.246 s <<< FAILURE! - in org.example.runner.Runner
org.example.runner.Runner.runScenario  Time elapsed: 4.676 s  <<< FAILURE!
java.util.NoSuchElementException

