<?xml version="1.0" encoding="UTF-8"?>
<testsuite xmlns:xsi="http://www.w3.org/2001/XMLSchema-instance" xsi:noNamespaceSchemaLocation="https://maven.apache.org/surefire/maven-surefire-plugin/xsd/surefire-test-report-3.0.xsd" version="3.0" name="org.example.runner.Runner" time="112.246" tests="13" errors="0" skipped="0" failures="1">
  <properties>
[...]
</properties>
  <testcase name="runScenario" classname="org.example.runner.Runner" time="9.89"/>
  <testcase name="runScenario" classname="org.example.runner.Runner" time="7.024"/>
  <testcase name="runScenario" classname="org.example.runner.Runner" time="5.515"/>
  <testcase name="runScenario" classname="org.example.runner.Runner" time="6.364"/>
  <testcase name="runScenario" classname="org.example.runner.Runner" time="6.314"/>
  <testcase name="runScenario" classname="org.example.runner.Runner" time="4.523"/>
  <testcase name="runScenario" classname="org.example.runner.Runner" time="4.777"/>
  <testcase name="runScenario" classname="org.example.runner.Runner" time="5.027"/>
  <testcase name="runScenario" classname="org.example.runner.Runner" time="7.741"/>
  <testcase name="runScenario" classname="org.example.runner.Runner" time="14.467"/>
  <testcase name="runScenario" classname="org.example.runner.Runner" time="16.883"/>
  <testcase name="runScenario" classname="org.example.runner.Runner" time="4.676">
    <failure type="java.util.NoSuchElementException"><![CDATA[java.util.NoSuchElementException
]]></failure>
    <system-out><![CDATA[
@smoke
Scenario: user opens rss link                                                       &amp#27;[90m# src/main/resources/features/F07_followUs.feature:9&amp#27;[0m
  &amp#27;[31mWhen &amp#27;[0m&amp#27;[31muser opens rss link&amp#27;[0m                                                          &amp#27;[90m# org.example.StepDef.D07_followUsStepDef.userOpensRssLink()&amp#27;[0m
      &amp#27;[31mjava.util.NoSuchElementException
	at java.base/java.util.LinkedHashMap$LinkedHashIterator.nextNode(LinkedHashMap.java:766)
	at java.base/java.util.LinkedHashMap$LinkedKeyIterator.next(LinkedHashMap.java:786)
	at org.example.Pages.P03_HomePage.goRss(P03_HomePage.java:82)
	at org.example.StepDef.D07_followUsStepDef.userOpensRssLink(D07_followUsStepDef.java:47)
	at ✽.user opens rss link(file:///C:/Users/DELL%20G15%205510/IdeaProjects/demonopcommerce/src/main/resources/features/F07_followUs.feature:10)
&amp#27;[0m
  &amp#27;[36mThen &amp#27;[0m&amp#27;[36m&amp#27;[0m&amp#27;[36m&amp#27;[1m"https://demo.nopcommerce.com/new-online-store-is-open"&amp#27;[0m&amp#27;[36m is opened in new tab&amp#27;[0m &amp#27;[90m# org.example.StepDef.D07_followUsStepDef.isOpenedInNewTab(java.lang.String)&amp#27;[0m
]]></system-out>
    <system-err><![CDATA[Aug 03, 2023 6:08:23 AM org.openqa.selenium.manager.SeleniumManager getDriverPath
INFO: Applicable driver not found; attempting to install with Selenium Manager (Beta)
Starting ChromeDriver 114.0.5735.90 (386bc09e8f4f2e025eddae123f36f6263096ae49-refs/branch-heads/5735@{#1052}) on port 43462
Only local connections are allowed.
Please see https://chromedriver.chromium.org/security-considerations for suggestions on keeping ChromeDriver safe.
ChromeDriver was started successfully.
[1691035704.139][WARNING]: This version of ChromeDriver has not been tested with Chrome version 115.
Aug 03, 2023 6:08:24 AM org.openqa.selenium.devtools.CdpVersionFinder findNearestMatch
WARNING: Unable to find an exact match for CDP version 115, so returning the closest version found: 113
]]></system-err>
  </testcase>
  <testcase name="runScenario" classname="org.example.runner.Runner" time="17.648"/>
</testsuite>