<?xml version="1.0" encoding="UTF-8"?>
<!-- Generated by org.testng.reporters.JUnitReportReporter -->
<testsuite hostname="DESKTOP-Q55U2R4" failures="0" tests="13" name="org.example.runner.Runner" time="110.820" errors="1" timestamp="2023-08-03T06:08:45 EET" skipped="0">
  <testcase classname="org.example.runner.Runner" name="runScenario" time="6.362"/>
  <system-out/>
  <testcase classname="org.example.runner.Runner" name="runScenario" time="6.314"/>
  <system-out/>
  <testcase classname="org.example.runner.Runner" name="runScenario" time="7.741"/>
  <system-out/>
  <testcase classname="org.example.runner.Runner" name="runScenario" time="9.886"/>
  <system-out/>
  <testcase classname="org.example.runner.Runner" name="runScenario" time="17.645"/>
  <system-out/>
  <testcase classname="org.example.runner.Runner" name="runScenario" time="5.513"/>
  <system-out/>
  <testcase classname="org.example.runner.Runner" name="runScenario" time="16.881"/>
  <system-out/>
  <testcase classname="org.example.runner.Runner" name="runScenario" time="5.026"/>
  <system-out/>
  <testcase classname="org.example.runner.Runner" name="runScenario" time="4.776"/>
  <system-out/>
  <testcase classname="org.example.runner.Runner" name="runScenario" time="4.663">
    <error type="java.util.NoSuchElementException">
      <![CDATA[java.util.NoSuchElementException
at java.base/java.util.LinkedHashMap$LinkedHashIterator.nextNode(LinkedHashMap.java:766)
at java.base/java.util.LinkedHashMap$LinkedKeyIterator.next(LinkedHashMap.java:786)
at org.example.Pages.P03_HomePage.goRss(P03_HomePage.java:82)
at org.example.StepDef.D07_followUsStepDef.userOpensRssLink(D07_followUsStepDef.java:47)
at ✽.user opens rss link(file:///C:/Users/DELL%20G15%205510/IdeaProjects/demonopcommerce/src/main/resources/features/F07_followUs.feature:10)
]]>
    </error>
  </testcase> <!-- runScenario -->
  <system-out/>
  <testcase classname="org.example.runner.Runner" name="runScenario" time="14.464"/>
  <system-out/>
  <testcase classname="org.example.runner.Runner" name="runScenario" time="4.524"/>
  <system-out/>
  <testcase classname="org.example.runner.Runner" name="runScenario" time="7.025"/>
  <system-out/>
</testsuite> <!-- org.example.runner.Runner -->
